#
# There is insufficient memory for the Java Runtime Environment to continue.
# Native memory allocation (malloc) failed to allocate 1007056 bytes for Chunk::new
# Possible reasons:
#   The system is out of physical RAM or swap space
#   The process is running with CompressedOops enabled, and the Java Heap may be blocking the growth of the native heap
# Possible solutions:
#   Reduce memory load on the system
#   Increase physical memory or swap space
#   Check if swap backing store is full
#   Decrease Java heap size (-Xmx/-Xms)
#   Decrease number of Java threads
#   Decrease Java thread stack sizes (-Xss)
#   Set larger code cache with -XX:ReservedCodeCacheSize=
#   JVM is running with Unscaled Compressed Oops mode in which the Java heap is
#     placed in the first 4GB address space. The Java Heap base address is the
#     maximum limit for the native heap growth. Please use -XX:HeapBaseMinAddress
#     to set the Java Heap base and to place the Java Heap above 4GB virtual address.
# This output file may be truncated or incomplete.
#
#  Out of Memory Error (allocation.cpp:389), pid=7540, tid=0x0000000000004f90
#
# JRE version: OpenJDK Runtime Environment (8.0_202-b03) (build 1.8.0_202-release-1483-b03)
# Java VM: OpenJDK 64-Bit Server VM (25.202-b03 mixed mode windows-amd64 compressed oops)
# Failed to write core dump. Minidumps are not enabled by default on client versions of Windows
#

---------------  T H R E A D  ---------------

Current thread (0x000000001648f800):  JavaThread "C2 CompilerThread1" daemon [_thread_in_native, id=20368, stack(0x0000000017bd0000,0x0000000017cd0000)]

Stack: [0x0000000017bd0000,0x0000000017cd0000]
[error occurred during error reporting (printing stack bounds), id 0xc0000005]

Native frames: (J=compiled Java code, j=interpreted, Vv=VM code, C=native code)


Current CompileTask:
C2:  15516 9305 %     4       com.android.tools.r8.dex.DexParser::a @ 59 (1971 bytes)


---------------  P R O C E S S  ---------------

Java Threads: ( => current thread )
  0x0000000020f1f800 JavaThread "ForkJoinPool-2-worker-0" daemon [_thread_blocked, id=8944, stack(0x0000000026850000,0x0000000026950000)]
  0x0000000020f22800 JavaThread "ForkJoinPool-2-worker-3" daemon [_thread_blocked, id=24728, stack(0x0000000026750000,0x0000000026850000)]
  0x0000000020f15000 JavaThread "ForkJoinPool-2-worker-2" daemon [_thread_in_vm, id=25476, stack(0x0000000026650000,0x0000000026750000)]
  0x0000000020f1c000 JavaThread "ForkJoinPool-2-worker-1" daemon [_thread_in_vm, id=26060, stack(0x0000000026550000,0x0000000026650000)]
  0x0000000020f19800 JavaThread "WorkerExecutor Queue Thread 4" [_thread_blocked, id=8004, stack(0x0000000025f50000,0x0000000026050000)]
  0x0000000020f19000 JavaThread "WorkerExecutor Queue Thread 3" [_thread_blocked, id=23620, stack(0x0000000025850000,0x0000000025950000)]
  0x0000000020f18000 JavaThread "WorkerExecutor Queue Thread 2" [_thread_blocked, id=1648, stack(0x0000000025750000,0x0000000025850000)]
  0x0000000020f17800 JavaThread "WorkerExecutor Queue" [_thread_blocked, id=8568, stack(0x0000000025650000,0x0000000025750000)]
  0x0000000020f16800 JavaThread "Cache worker for Java compile cache (C:\Users\HP\AndroidStudioProjects\CabSafety\.gradle\5.4.1\javaCompile)" [_thread_blocked, id=10460, stack(0x0000000025150000,0x0000000025250000)]
  0x0000000020f1b000 JavaThread "Cache worker for Java compile cache (C:\Users\HP\.gradle\caches\5.4.1\javaCompile)" [_thread_blocked, id=20388, stack(0x0000000025050000,0x0000000025150000)]
  0x0000000020f14800 JavaThread "Cache worker for execution history cache (C:\Users\HP\AndroidStudioProjects\CabSafety\.gradle\5.4.1\executionHistory)" [_thread_blocked, id=12400, stack(0x0000000024d50000,0x0000000024e50000)]
  0x000000001bf5e000 JavaThread "Execution worker for ':' Thread 3" [_thread_blocked, id=12496, stack(0x0000000024c50000,0x0000000024d50000)]
  0x000000001bf5d800 JavaThread "Execution worker for ':' Thread 2" [_thread_blocked, id=14256, stack(0x0000000024b50000,0x0000000024c50000)]
  0x000000001bf61000 JavaThread "Execution worker for ':'" [_thread_blocked, id=12160, stack(0x0000000024a50000,0x0000000024b50000)]
  0x000000001bf60800 JavaThread "Cache worker for file content cache (C:\Users\HP\AndroidStudioProjects\CabSafety\.gradle\5.4.1\fileContent)" [_thread_blocked, id=26896, stack(0x0000000024750000,0x0000000024850000)]
  0x000000001bf5c800 JavaThread "Cache worker for file content cache (C:\Users\HP\.gradle\caches\5.4.1\fileContent)" [_thread_blocked, id=24772, stack(0x0000000024420000,0x0000000024520000)]
  0x000000001bf5f800 JavaThread "Memory manager" [_thread_blocked, id=26836, stack(0x0000000024320000,0x0000000024420000)]
  0x000000001bf55800 JavaThread "Cache worker for Build Output Cleanup Cache (C:\Users\HP\AndroidStudioProjects\CabSafety\.gradle\buildOutputCleanup)" [_thread_blocked, id=6652, stack(0x0000000022c60000,0x0000000022d60000)]
  0x000000001bf5a800 JavaThread "Build operations Thread 4" [_thread_blocked, id=12504, stack(0x0000000021bf0000,0x0000000021cf0000)]
  0x000000001bf52800 JavaThread "Build operations Thread 3" [_thread_blocked, id=25156, stack(0x0000000021af0000,0x0000000021bf0000)]
  0x000000001bf59800 JavaThread "Build operations Thread 2" [_thread_blocked, id=3236, stack(0x00000000219f0000,0x0000000021af0000)]
  0x000000001bf59000 JavaThread "Build operations" [_thread_blocked, id=21276, stack(0x0000000020640000,0x0000000020740000)]
  0x000000001bf58000 JavaThread "Cache worker for execution history cache (C:\Users\HP\.gradle\caches\5.4.1\executionHistory)" [_thread_blocked, id=11236, stack(0x0000000020030000,0x0000000020130000)]
  0x000000001bf56800 JavaThread "Cache worker for cache directory md-rule (C:\Users\HP\.gradle\caches\5.4.1\md-rule)" [_thread_blocked, id=20136, stack(0x000000001ff30000,0x0000000020030000)]
  0x000000001976e800 JavaThread "Cache worker for cache directory md-supplier (C:\Users\HP\.gradle\caches\5.4.1\md-supplier)" [_thread_blocked, id=27620, stack(0x000000001ed80000,0x000000001ee80000)]
  0x0000000019771000 JavaThread "Cache worker for file hash cache (C:\Users\HP\AndroidStudioProjects\CabSafety\.gradle\5.4.1\fileHashes)" [_thread_blocked, id=13996, stack(0x000000001d4b0000,0x000000001d5b0000)]
  0x0000000019771800 JavaThread "Cache worker for journal cache (C:\Users\HP\.gradle\caches\journal-1)" [_thread_blocked, id=5036, stack(0x000000001b010000,0x000000001b110000)]
  0x0000000019770000 JavaThread "File lock request listener" [_thread_in_native, id=13044, stack(0x000000001af10000,0x000000001b010000)]
  0x000000001968e800 JavaThread "Cache worker for file hash cache (C:\Users\HP\.gradle\caches\5.4.1\fileHashes)" [_thread_blocked, id=10540, stack(0x000000001ae10000,0x000000001af10000)]
  0x00000000192a7800 JavaThread "Thread-9" [_thread_blocked, id=17712, stack(0x000000001ad10000,0x000000001ae10000)]
  0x00000000192a2800 JavaThread "Stdin handler" [_thread_blocked, id=10064, stack(0x000000001ac10000,0x000000001ad10000)]
  0x00000000192a2000 JavaThread "Asynchronous log dispatcher for DefaultDaemonConnection: socket connection from /127.0.0.1:58315 to /127.0.0.1:58316" [_thread_blocked, id=4372, stack(0x000000001ab10000,0x000000001ac10000)]
  0x0000000018c8c000 JavaThread "Daemon worker" [_thread_blocked, id=4792, stack(0x000000001aa10000,0x000000001ab10000)]
  0x0000000018c8b000 JavaThread "Cancel handler" [_thread_blocked, id=22196, stack(0x000000001a910000,0x000000001aa10000)]
  0x0000000018504000 JavaThread "Handler for socket connection from /127.0.0.1:58315 to /127.0.0.1:58316" [_thread_in_native, id=18844, stack(0x000000001a610000,0x000000001a710000)]
  0x00000000184ff800 JavaThread "Daemon" [_thread_blocked, id=24432, stack(0x000000001a510000,0x000000001a610000)]
  0x00000000184c5000 JavaThread "Daemon periodic checks" [_thread_blocked, id=11592, stack(0x000000001a410000,0x000000001a510000)]
  0x00000000183df000 JavaThread "Incoming local TCP Connector on port 58315" [_thread_in_native, id=24460, stack(0x000000001a1e0000,0x000000001a2e0000)]
  0x00000000193ca800 JavaThread "Daemon health stats" [_thread_blocked, id=21620, stack(0x0000000019ba0000,0x0000000019ca0000)]
  0x0000000017e00800 JavaThread "Service Thread" daemon [_thread_blocked, id=17440, stack(0x00000000181d0000,0x00000000182d0000)]
  0x00000000164a3000 JavaThread "C1 CompilerThread2" daemon [_thread_in_vm, id=5636, stack(0x0000000017cd0000,0x0000000017dd0000)]
=>0x000000001648f800 JavaThread "C2 CompilerThread1" daemon [_thread_in_native, id=20368, stack(0x0000000017bd0000,0x0000000017cd0000)]
  0x0000000016489000 JavaThread "C2 CompilerThread0" daemon [_thread_in_native, id=18956, stack(0x0000000017ad0000,0x0000000017bd0000)]
  0x0000000016488000 JavaThread "Attach Listener" daemon [_thread_blocked, id=13364, stack(0x00000000179d0000,0x0000000017ad0000)]
  0x0000000016494000 JavaThread "Signal Dispatcher" daemon [_thread_blocked, id=19144, stack(0x00000000178d0000,0x00000000179d0000)]
  0x0000000002b1b000 JavaThread "Finalizer" daemon [_thread_blocked, id=11004, stack(0x00000000176e0000,0x00000000177e0000)]
  0x0000000016479000 JavaThread "Reference Handler" daemon [_thread_blocked, id=17856, stack(0x00000000175e0000,0x00000000176e0000)]
  0x000000000291d800 JavaThread "main" [_thread_blocked, id=3404, stack(0x0000000002920000,0x0000000002a20000)]

Other Threads:
  0x0000000016457800 VMThread [stack: 0x00000000174e0000,0x00000000175e0000] [id=25332]
  0x00000000164ee000 WatcherThread [stack: 0x00000000182d0000,0x00000000183d0000] [id=12208]

VM state:not at safepoint (normal execution)

VM Mutex/Monitor currently owned by a thread: None

heap address: 0x00000000a0000000, size: 1536 MB, Compressed Oops mode: 32-bit
Narrow klass base: 0x0000000000000000, Narrow klass shift: 3
Compressed class space size: 1073741824 Address: 0x0000000100000000

Heap:
 PSYoungGen      total 246272K, used 66859K [0x00000000e0000000, 0x00000000f2380000, 0x0000000100000000)
  eden space 222720K, 19% used [0x00000000e0000000,0x00000000e2a4bfc8,0x00000000ed980000)
  from space 23552K, 99% used [0x00000000efa80000,0x00000000f117edf0,0x00000000f1180000)
  to   space 33792K, 0% used [0x00000000ed980000,0x00000000ed980000,0x00000000efa80000)
 ParOldGen       total 144384K, used 57219K [0x00000000a0000000, 0x00000000a8d00000, 0x00000000e0000000)
  object space 144384K, 39% used [0x00000000a0000000,0x00000000a37e0e58,0x00000000a8d00000)
 Metaspace       used 73247K, capacity 75732K, committed 75864K, reserved 1114112K
  class space    used 10067K, capacity 10582K, committed 10624K, reserved 1048576K

Card table byte_map: [0x0000000011ee0000,0x00000000121f0000] byte_map_base: 0x00000000119e0000

Marking Bits: (ParMarkBitMap*) 0x00000000557b9f30
 Begin Bits: [0x00000000127f0000, 0x0000000013ff0000)
 End Bits:   [0x0000000013ff0000, 0x00000000157f0000)

Polling page: 0x0000000000c70000

CodeCache: size=245760Kb used=25776Kb max_used=25784Kb free=219983Kb
 bounds [0x0000000002b20000, 0x0000000004470000, 0x0000000011b20000]
 total_blobs=8834 nmethods=8007 adapters=740
 compilation: enabled

Compilation events (10 events):
Event: 15.487 Thread 0x00000000164a3000 9355       3       java.util.concurrent.ForkJoinPool::externalPush (190 bytes)
Event: 15.487 Thread 0x00000000164a3000 nmethod 9355 0x0000000003d2a310 code [0x0000000003d2a4a0, 0x0000000003d2aa98]
Event: 15.487 Thread 0x00000000164a3000 9356       3       java.util.concurrent.ForkJoinPool::submit (43 bytes)
Event: 15.488 Thread 0x00000000164a3000 nmethod 9356 0x0000000003d29710 code [0x0000000003d298e0, 0x0000000003d2a088]
Event: 15.492 Thread 0x0000000016489000 nmethod 9347 0x0000000003d24dd0 code [0x0000000003d24f60, 0x0000000003d25878]
Event: 15.492 Thread 0x0000000016489000 9346       4       com.android.tools.r8.graph.DexMethod::<init> (66 bytes)
Event: 15.493 Thread 0x0000000016489000 nmethod 9346 0x0000000003d23550 code [0x0000000003d236a0, 0x0000000003d237a8]
Event: 15.493 Thread 0x0000000016489000 9341       4       com.android.tools.r8.dex.DexParser$$Lambda$505/592215770::get$Lambda (9 bytes)
Event: 15.494 Thread 0x0000000016489000 nmethod 9341 0x000000000394b3d0 code [0x000000000394b520, 0x000000000394b5d8]
Event: 15.494 Thread 0x0000000016489000 9342       4       com.android.tools.r8.dex.DexParser::a (83 bytes)

GC Heap History (10 events):
Event: 6.836 GC heap before
{Heap before GC invocations=11 (full 2):
 PSYoungGen      total 166400K, used 153088K [0x00000000e0000000, 0x00000000eed80000, 0x0000000100000000)
  eden space 153088K, 100% used [0x00000000e0000000,0x00000000e9580000,0x00000000e9580000)
  from space 13312K, 0% used [0x00000000ea200000,0x00000000ea200000,0x00000000eaf00000)
  to   space 12800K, 0% used [0x00000000e9580000,0x00000000e9580000,0x00000000ea200000)
 ParOldGen       total 92672K, used 15317K [0x00000000a0000000, 0x00000000a5a80000, 0x00000000e0000000)
  object space 92672K, 16% used [0x00000000a0000000,0x00000000a0ef55a8,0x00000000a5a80000)
 Metaspace       used 48344K, capacity 49562K, committed 49624K, reserved 1091584K
  class space    used 6544K, capacity 6862K, committed 6912K, reserved 1048576K
Event: 6.855 GC heap after
Heap after GC invocations=11 (full 2):
 PSYoungGen      total 165888K, used 12768K [0x00000000e0000000, 0x00000000ee280000, 0x0000000100000000)
  eden space 153088K, 0% used [0x00000000e0000000,0x00000000e0000000,0x00000000e9580000)
  from space 12800K, 99% used [0x00000000e9580000,0x00000000ea1f80b8,0x00000000ea200000)
  to   space 16896K, 0% used [0x00000000ed200000,0x00000000ed200000,0x00000000ee280000)
 ParOldGen       total 92672K, used 21444K [0x00000000a0000000, 0x00000000a5a80000, 0x00000000e0000000)
  object space 92672K, 23% used [0x00000000a0000000,0x00000000a14f12d8,0x00000000a5a80000)
 Metaspace       used 48344K, capacity 49562K, committed 49624K, reserved 1091584K
  class space    used 6544K, capacity 6862K, committed 6912K, reserved 1048576K
}
Event: 8.590 GC heap before
{Heap before GC invocations=12 (full 2):
 PSYoungGen      total 165888K, used 149121K [0x00000000e0000000, 0x00000000ee280000, 0x0000000100000000)
  eden space 153088K, 89% used [0x00000000e0000000,0x00000000e8528708,0x00000000e9580000)
  from space 12800K, 99% used [0x00000000e9580000,0x00000000ea1f80b8,0x00000000ea200000)
  to   space 16896K, 0% used [0x00000000ed200000,0x00000000ed200000,0x00000000ee280000)
 ParOldGen       total 92672K, used 21444K [0x00000000a0000000, 0x00000000a5a80000, 0x00000000e0000000)
  object space 92672K, 23% used [0x00000000a0000000,0x00000000a14f12d8,0x00000000a5a80000)
 Metaspace       used 57290K, capacity 58806K, committed 58968K, reserved 1099776K
  class space    used 7804K, capacity 8195K, committed 8320K, reserved 1048576K
Event: 8.618 GC heap after
Heap after GC invocations=12 (full 2):
 PSYoungGen      total 210432K, used 16884K [0x00000000e0000000, 0x00000000ee980000, 0x0000000100000000)
  eden space 193536K, 0% used [0x00000000e0000000,0x00000000e0000000,0x00000000ebd00000)
  from space 16896K, 99% used [0x00000000ed200000,0x00000000ee27d340,0x00000000ee280000)
  to   space 21504K, 0% used [0x00000000ebd00000,0x00000000ebd00000,0x00000000ed200000)
 ParOldGen       total 92672K, used 28223K [0x00000000a0000000, 0x00000000a5a80000, 0x00000000e0000000)
  object space 92672K, 30% used [0x00000000a0000000,0x00000000a1b8ff50,0x00000000a5a80000)
 Metaspace       used 57290K, capacity 58806K, committed 58968K, reserved 1099776K
  class space    used 7804K, capacity 8195K, committed 8320K, reserved 1048576K
}
Event: 8.618 GC heap before
{Heap before GC invocations=13 (full 3):
 PSYoungGen      total 210432K, used 16884K [0x00000000e0000000, 0x00000000ee980000, 0x0000000100000000)
  eden space 193536K, 0% used [0x00000000e0000000,0x00000000e0000000,0x00000000ebd00000)
  from space 16896K, 99% used [0x00000000ed200000,0x00000000ee27d340,0x00000000ee280000)
  to   space 21504K, 0% used [0x00000000ebd00000,0x00000000ebd00000,0x00000000ed200000)
 ParOldGen       total 92672K, used 28223K [0x00000000a0000000, 0x00000000a5a80000, 0x00000000e0000000)
  object space 92672K, 30% used [0x00000000a0000000,0x00000000a1b8ff50,0x00000000a5a80000)
 Metaspace       used 57290K, capacity 58806K, committed 58968K, reserved 1099776K
  class space    used 7804K, capacity 8195K, committed 8320K, reserved 1048576K
Event: 8.844 GC heap after
Heap after GC invocations=13 (full 3):
 PSYoungGen      total 210432K, used 0K [0x00000000e0000000, 0x00000000ee980000, 0x0000000100000000)
  eden space 193536K, 0% used [0x00000000e0000000,0x00000000e0000000,0x00000000ebd00000)
  from space 16896K, 0% used [0x00000000ed200000,0x00000000ed200000,0x00000000ee280000)
  to   space 21504K, 0% used [0x00000000ebd00000,0x00000000ebd00000,0x00000000ed200000)
 ParOldGen       total 144384K, used 37581K [0x00000000a0000000, 0x00000000a8d00000, 0x00000000e0000000)
  object space 144384K, 26% used [0x00000000a0000000,0x00000000a24b3430,0x00000000a8d00000)
 Metaspace       used 57290K, capacity 58806K, committed 58968K, reserved 1099776K
  class space    used 7804K, capacity 8195K, committed 8320K, reserved 1048576K
}
Event: 12.335 GC heap before
{Heap before GC invocations=14 (full 3):
 PSYoungGen      total 210432K, used 193536K [0x00000000e0000000, 0x00000000ee980000, 0x0000000100000000)
  eden space 193536K, 100% used [0x00000000e0000000,0x00000000ebd00000,0x00000000ebd00000)
  from space 16896K, 0% used [0x00000000ed200000,0x00000000ed200000,0x00000000ee280000)
  to   space 21504K, 0% used [0x00000000ebd00000,0x00000000ebd00000,0x00000000ed200000)
 ParOldGen       total 144384K, used 37581K [0x00000000a0000000, 0x00000000a8d00000, 0x00000000e0000000)
  object space 144384K, 26% used [0x00000000a0000000,0x00000000a24b3430,0x00000000a8d00000)
 Metaspace       used 61016K, capacity 62910K, committed 63064K, reserved 1103872K
  class space    used 8298K, capacity 8745K, committed 8832K, reserved 1048576K
Event: 12.363 GC heap after
Heap after GC invocations=14 (full 3):
 PSYoungGen      total 215040K, used 18261K [0x00000000e0000000, 0x00000000f1180000, 0x0000000100000000)
  eden space 193536K, 0% used [0x00000000e0000000,0x00000000e0000000,0x00000000ebd00000)
  from space 21504K, 84% used [0x00000000ebd00000,0x00000000eced5690,0x00000000ed200000)
  to   space 23552K, 0% used [0x00000000efa80000,0x00000000efa80000,0x00000000f1180000)
 ParOldGen       total 144384K, used 37589K [0x00000000a0000000, 0x00000000a8d00000, 0x00000000e0000000)
  object space 144384K, 26% used [0x00000000a0000000,0x00000000a24b5430,0x00000000a8d00000)
 Metaspace       used 61016K, capacity 62910K, committed 63064K, reserved 1103872K
  class space    used 8298K, capacity 8745K, committed 8832K, reserved 1048576K
}
Event: 15.278 GC heap before
{Heap before GC invocations=15 (full 3):
 PSYoungGen      total 215040K, used 208233K [0x00000000e0000000, 0x00000000f1180000, 0x0000000100000000)
  eden space 193536K, 98% used [0x00000000e0000000,0x00000000eb984e20,0x00000000ebd00000)
  from space 21504K, 84% used [0x00000000ebd00000,0x00000000eced5690,0x00000000ed200000)
  to   space 23552K, 0% used [0x00000000efa80000,0x00000000efa80000,0x00000000f1180000)
 ParOldGen       total 144384K, used 37589K [0x00000000a0000000, 0x00000000a8d00000, 0x00000000e0000000)
  object space 144384K, 26% used [0x00000000a0000000,0x00000000a24b5430,0x00000000a8d00000)
 Metaspace       used 72696K, capacity 75216K, committed 75480K, reserved 1114112K
  class space    used 9927K, capacity 10440K, committed 10496K, reserved 1048576K
Event: 15.315 GC heap after
Heap after GC invocations=15 (full 3):
 PSYoungGen      total 246272K, used 23547K [0x00000000e0000000, 0x00000000f2380000, 0x0000000100000000)
  eden space 222720K, 0% used [0x00000000e0000000,0x00000000e0000000,0x00000000ed980000)
  from space 23552K, 99% used [0x00000000efa80000,0x00000000f117edf0,0x00000000f1180000)
  to   space 33792K, 0% used [0x00000000ed980000,0x00000000ed980000,0x00000000efa80000)
 ParOldGen       total 144384K, used 57219K [0x00000000a0000000, 0x00000000a8d00000, 0x00000000e0000000)
  object space 144384K, 39% used [0x00000000a0000000,0x00000000a37e0e58,0x00000000a8d00000)
 Metaspace       used 72696K, capacity 75216K, committed 75480K, reserved 1114112K
  class space    used 9927K, capacity 10440K, committed 10496K, reserved 1048576K
}

Deoptimization events (10 events):
Event: 15.267 Thread 0x0000000020f19000 Uncommon trap: reason=unstable_if action=reinterpret pc=0x0000000003092f14 method=java.nio.Bits.getShort(Ljava/nio/ByteBuffer;IZ)S @ 1
Event: 15.367 Thread 0x0000000020f19000 Uncommon trap: reason=unstable_if action=reinterpret pc=0x0000000002c92e1c method=com.android.tools.r8.utils.t.a(I)Z @ 27
Event: 15.367 Thread 0x0000000020f19000 Uncommon trap: reason=unstable_if action=reinterpret pc=0x0000000003311a1c method=com.android.tools.r8.utils.t.a(I)Z @ 27
Event: 15.388 Thread 0x0000000020f19000 Uncommon trap: reason=unstable_if action=reinterpret pc=0x0000000003ce4b6c method=com.android.tools.r8.utils.LebUtils.parseUleb128(Lcom/android/tools/r8/dex/BinaryReader;)I @ 26
Event: 15.388 Thread 0x0000000020f19000 Uncommon trap: reason=unstable_if action=reinterpret pc=0x0000000003cfad6c method=java.util.Arrays.equals([B[B)Z @ 41
Event: 15.389 Thread 0x0000000020f19000 Uncommon trap: reason=unstable_if action=reinterpret pc=0x0000000003dbcce4 method=java.util.Arrays.equals([B[B)Z @ 41
Event: 15.490 Thread 0x0000000020f1f800 Uncommon trap: reason=unstable_if action=reinterpret pc=0x0000000003cc1110 method=com.android.tools.r8.utils.LebUtils.parseUleb128(Lcom/android/tools/r8/dex/BinaryReader;)I @ 26
Event: 15.514 Thread 0x0000000020f22800 Uncommon trap: reason=unstable_if action=reinterpret pc=0x00000000034c5bfc method=java.util.Arrays.hashCode([Ljava/lang/Object;)I @ 1
Event: 15.514 Thread 0x0000000020f1f800 Uncommon trap: reason=unstable_if action=reinterpret pc=0x00000000034c5bfc method=java.util.Arrays.hashCode([Ljava/lang/Object;)I @ 1
Event: 15.514 Thread 0x0000000020f1c000 Uncommon trap: reason=unstable_if action=reinterpret pc=0x00000000034c5bfc method=java.util.Arrays.hashCode([Ljava/lang/Object;)I @ 1

Classes redefined (0 events):
No events

Internal exceptions (10 events):
Event: 14.384 Thread 0x0000000020f17800 Exception <a 'sun/nio/fs/WindowsException'> (0x00000000e8100d90) thrown at [D:\src\AOSP-openjdk-cygwin\jdk8u\hotspot\src\share\vm\prims\jni.cpp, line 710]
Event: 14.419 Thread 0x0000000020f17800 Exception <a 'java/lang/NoSuchMethodError': java.lang.Object.lambda$identity$2(Ljava/lang/Object;)Ljava/lang/Object;> (0x00000000e8319bb0) thrown at [D:\src\AOSP-openjdk-cygwin\jdk8u\hotspot\src\share\vm\interpreter\linkResolver.cpp, line 620]
Event: 14.565 Thread 0x0000000020f17800 Exception <a 'java/lang/NoSuchMethodError': java.lang.Object.lambda$maxBy$1(Ljava/util/Comparator;Ljava/lang/Object;Ljava/lang/Object;)Ljava/lang/Object;> (0x00000000e8de6108) thrown at [D:\src\AOSP-openjdk-cygwin\jdk8u\hotspot\src\share\vm\interpreter\li
Event: 14.736 Thread 0x0000000020f17800 Exception <a 'sun/nio/fs/WindowsException'> (0x00000000e96e39e8) thrown at [D:\src\AOSP-openjdk-cygwin\jdk8u\hotspot\src\share\vm\prims\jni.cpp, line 710]
Event: 14.951 Thread 0x000000001bf5e000 Exception <a 'java/lang/NoSuchMethodError': <clinit>> (0x00000000e9b462e0) thrown at [D:\src\AOSP-openjdk-cygwin\jdk8u\hotspot\src\share\vm\prims\jni.cpp, line 1614]
Event: 14.953 Thread 0x000000001bf5e000 Exception <a 'java/lang/NoSuchMethodError': <clinit>> (0x00000000e9b594c0) thrown at [D:\src\AOSP-openjdk-cygwin\jdk8u\hotspot\src\share\vm\prims\jni.cpp, line 1614]
Event: 15.260 Thread 0x0000000020f19000 Exception <a 'sun/nio/fs/WindowsException'> (0x00000000eae3d8e0) thrown at [D:\src\AOSP-openjdk-cygwin\jdk8u\hotspot\src\share\vm\prims\jni.cpp, line 710]
Event: 15.514 Thread 0x0000000020f22800 Implicit null exception at 0x00000000034c5aef to 0x00000000034c5bed
Event: 15.514 Thread 0x0000000020f1f800 Implicit null exception at 0x00000000034c5aef to 0x00000000034c5bed
Event: 15.514 Thread 0x0000000020f1c000 Implicit null exception at 0x00000000034c5aef to 0x00000000034c5bed

Events (10 events):
Event: 15.514 Thread 0x0000000020f1c000 DEOPT UNPACKING pc=0x0000000002b6557b sp=0x000000002664e950 mode 2
Event: 15.514 loading class com/android/tools/r8/dex/DexParser$b
Event: 15.514 loading class com/android/tools/r8/dex/DexParser$b done
Event: 15.514 Thread 0x0000000020f1f800 DEOPT UNPACKING pc=0x0000000002b6557b sp=0x000000002694f220 mode 2
Event: 15.514 loading class com/android/tools/r8/dex/DexParser$b
Event: 15.514 loading class com/android/tools/r8/dex/DexParser$b done
Event: 15.514 loading class com/android/tools/r8/dex/DexParser$b
Event: 15.514 loading class com/android/tools/r8/dex/DexParser$b done
Event: 15.514 loading class com/android/tools/r8/dex/DexParser$b
Event: 15.514 loading class com/android/tools/r8/dex/DexParser$b done


Dynamic libraries:
0x00007ff7db7e0000 - 0x00007ff7db811000 	C:\Program Files\Android\Android Studio\jre\bin\java.exe
0x00007ff831b50000 - 0x00007ff831d21000 	C:\Windows\SYSTEM32\ntdll.dll
0x00007ff830ec0000 - 0x00007ff830f6b000 	C:\Windows\System32\KERNEL32.DLL
0x00007ff82e6e0000 - 0x00007ff82e8fd000 	C:\Windows\System32\KERNELBASE.dll
0x00007ff831200000 - 0x00007ff8312a2000 	C:\Windows\System32\ADVAPI32.dll
0x00007ff831030000 - 0x00007ff8310ce000 	C:\Windows\System32\msvcrt.dll
0x00007ff831630000 - 0x00007ff831689000 	C:\Windows\System32\sechost.dll
0x00007ff8310d0000 - 0x00007ff8311f1000 	C:\Windows\System32\RPCRT4.dll
0x00007ff830c50000 - 0x00007ff830db5000 	C:\Windows\System32\USER32.dll
0x00007ff82e0e0000 - 0x00007ff82e0fe000 	C:\Windows\System32\win32u.dll
0x00007ff831540000 - 0x00007ff831574000 	C:\Windows\System32\GDI32.dll
0x00007ff82e550000 - 0x00007ff82e6d2000 	C:\Windows\System32\gdi32full.dll
0x00007ff81e740000 - 0x00007ff81e9b9000 	C:\Windows\WinSxS\amd64_microsoft.windows.common-controls_6595b64144ccf1df_6.0.14393.0_none_2d0f50fcbdb171b8\COMCTL32.dll
0x00007ff8316a0000 - 0x00007ff831967000 	C:\Windows\System32\combase.dll
0x00007ff82e900000 - 0x00007ff82e9f5000 	C:\Windows\System32\ucrtbase.dll
0x00007ff82e4e0000 - 0x00007ff82e54a000 	C:\Windows\System32\bcryptPrimitives.dll
0x00007ff831ab0000 - 0x00007ff831ade000 	C:\Windows\System32\IMM32.DLL
0x00000000559c0000 - 0x0000000055a92000 	C:\Program Files\Android\Android Studio\jre\jre\bin\msvcr100.dll
0x0000000054ff0000 - 0x0000000055836000 	C:\Program Files\Android\Android Studio\jre\jre\bin\server\jvm.dll
0x00007ff831690000 - 0x00007ff831698000 	C:\Windows\System32\PSAPI.DLL
0x00007ff824d60000 - 0x00007ff824d6a000 	C:\Windows\SYSTEM32\VERSION.dll
0x00007ff82ae90000 - 0x00007ff82ae99000 	C:\Windows\SYSTEM32\WSOCK32.dll
0x00007ff82c4b0000 - 0x00007ff82c4d3000 	C:\Windows\SYSTEM32\WINMM.dll
0x00007ff831ae0000 - 0x00007ff831b4a000 	C:\Windows\System32\WS2_32.dll
0x00000000028a0000 - 0x00000000028cb000 	C:\Windows\SYSTEM32\WINMMBASE.dll
0x00007ff82e160000 - 0x00007ff82e1a2000 	C:\Windows\System32\cfgmgr32.dll
0x00007ff82a0a0000 - 0x00007ff82a0af000 	C:\Program Files\Android\Android Studio\jre\jre\bin\verify.dll
0x00007ff825090000 - 0x00007ff8250b9000 	C:\Program Files\Android\Android Studio\jre\jre\bin\java.dll
0x00007ff820e20000 - 0x00007ff820e36000 	C:\Program Files\Android\Android Studio\jre\jre\bin\zip.dll
0x00007ff82f740000 - 0x00007ff830c48000 	C:\Windows\System32\SHELL32.dll
0x00007ff82ea00000 - 0x00007ff82f0da000 	C:\Windows\System32\windows.storage.dll
0x00007ff82e060000 - 0x00007ff82e0ac000 	C:\Windows\System32\powrprof.dll
0x00007ff8314e0000 - 0x00007ff831532000 	C:\Windows\System32\shlwapi.dll
0x00007ff82e050000 - 0x00007ff82e05f000 	C:\Windows\System32\kernel.appcore.dll
0x00007ff82e260000 - 0x00007ff82e309000 	C:\Windows\System32\shcore.dll
0x00007ff82e0b0000 - 0x00007ff82e0c4000 	C:\Windows\System32\profapi.dll
0x00007ff820e00000 - 0x00007ff820e1a000 	C:\Program Files\Android\Android Studio\jre\jre\bin\net.dll
0x00007ff82d920000 - 0x00007ff82d97c000 	C:\Windows\system32\mswsock.dll
0x00007ff820de0000 - 0x00007ff820df1000 	C:\Program Files\Android\Android Studio\jre\jre\bin\nio.dll
0x00007ff81c410000 - 0x00007ff81c436000 	C:\Users\HP\.gradle\native\29\windows-amd64\native-platform.dll
0x00007ff829c10000 - 0x00007ff829c1d000 	C:\Program Files\Android\Android Studio\jre\jre\bin\management.dll
0x00007ff82dad0000 - 0x00007ff82dae7000 	C:\Windows\SYSTEM32\CRYPTSP.dll
0x00007ff82d530000 - 0x00007ff82d563000 	C:\Windows\system32\rsaenh.dll
0x00007ff82df90000 - 0x00007ff82dfbb000 	C:\Windows\SYSTEM32\bcrypt.dll
0x00007ff82d7a0000 - 0x00007ff82d7bf000 	C:\Windows\SYSTEM32\USERENV.dll
0x00007ff82dac0000 - 0x00007ff82dacb000 	C:\Windows\SYSTEM32\CRYPTBASE.dll
0x00007ff82d6b0000 - 0x00007ff82d6e8000 	C:\Windows\SYSTEM32\IPHLPAPI.DLL
0x00007ff831620000 - 0x00007ff831628000 	C:\Windows\System32\NSI.dll
0x00007ff8266b0000 - 0x00007ff8266c6000 	C:\Windows\SYSTEM32\dhcpcsvc6.DLL
0x00007ff8269a0000 - 0x00007ff8269ba000 	C:\Windows\SYSTEM32\dhcpcsvc.DLL

VM Arguments:
jvm_args: -Xmx1536m -Dfile.encoding=windows-1252 -Duser.country=IN -Duser.language=en -Duser.variant 
java_command: org.gradle.launcher.daemon.bootstrap.GradleDaemon 5.4.1
java_class_path (initial): C:\Users\HP\.gradle\wrapper\dists\gradle-5.4.1-all\3221gyojl5jsh0helicew7rwx\gradle-5.4.1\lib\gradle-launcher-5.4.1.jar
Launcher Type: SUN_STANDARD

Environment Variables:
PATH=C:\Program Files (x86)\Common Files\Oracle\Java\javapath;C:\Program Files (x86)\Intel\iCLS Client\;C:\Program Files\Intel\iCLS Client\;C:\Windows\system32;C:\Windows;C:\Windows\System32\Wbem;C:\Windows\System32\WindowsPowerShell\v1.0\;C:\Program Files (x86)\Intel\Intel(R) Management Engine Components\DAL;C:\Program Files\Intel\Intel(R) Management Engine Components\DAL;C:\Program Files (x86)\Intel\Intel(R) Management Engine Components\IPT;C:\Program Files\Intel\Intel(R) Management Engine Components\IPT;C:\Users\HP\AppData\Local\Microsoft\WindowsApps;
USERNAME=HP
OS=Windows_NT
PROCESSOR_IDENTIFIER=Intel64 Family 6 Model 61 Stepping 4, GenuineIntel



---------------  S Y S T E M  ---------------

OS: Windows 10.0 , 64 bit Build 14393 (10.0.14393.0)

CPU:total 4 (initial active 4) (2 cores per cpu, 2 threads per core) family 6 model 61 stepping 4, cmov, cx8, fxsr, mmx, sse, sse2, sse3, ssse3, sse4.1, sse4.2, popcnt, avx, avx2, aes, clmul, erms, rtm, 3dnowpref, lzcnt, ht, tsc, tscinvbit, bmi1, bmi2, adx

Memory: 4k page, physical 8260712k(2641248k free), swap 12160104k(5280k free)

vm_info: OpenJDK 64-Bit Server VM (25.202-b03) for windows-amd64 JRE (1.8.0_202-release-1483-b03), built by "builder" with MS VC++ 10.0 (VS2010)

time: Fri Dec 13 15:18:58 2019
timezone: India Standard Time
elapsed time: 15 seconds (0d 0h 0m 15s)

