#
# There is insufficient memory for the Java Runtime Environment to continue.
# Native memory allocation (malloc) failed to allocate 315632 bytes for Chunk::new
# Possible reasons:
#   The system is out of physical RAM or swap space
#   The process is running with CompressedOops enabled, and the Java Heap may be blocking the growth of the native heap
# Possible solutions:
#   Reduce memory load on the system
#   Increase physical memory or swap space
#   Check if swap backing store is full
#   Decrease Java heap size (-Xmx/-Xms)
#   Decrease number of Java threads
#   Decrease Java thread stack sizes (-Xss)
#   Set larger code cache with -XX:ReservedCodeCacheSize=
#   JVM is running with Unscaled Compressed Oops mode in which the Java heap is
#     placed in the first 4GB address space. The Java Heap base address is the
#     maximum limit for the native heap growth. Please use -XX:HeapBaseMinAddress
#     to set the Java Heap base and to place the Java Heap above 4GB virtual address.
# This output file may be truncated or incomplete.
#
#  Out of Memory Error (allocation.cpp:389), pid=19760, tid=0x0000000000004ce4
#
# JRE version: OpenJDK Runtime Environment (8.0_202-b03) (build 1.8.0_202-release-1483-b03)
# Java VM: OpenJDK 64-Bit Server VM (25.202-b03 mixed mode windows-amd64 compressed oops)
# Failed to write core dump. Minidumps are not enabled by default on client versions of Windows
#

---------------  T H R E A D  ---------------

Current thread (0x0000000016428000):  JavaThread "C2 CompilerThread0" daemon [_thread_in_native, id=19684, stack(0x0000000017a70000,0x0000000017b70000)]

Stack: [0x0000000017a70000,0x0000000017b70000]
[error occurred during error reporting (printing stack bounds), id 0xc0000005]

Native frames: (J=compiled Java code, j=interpreted, Vv=VM code, C=native code)


Current CompileTask:
C2: 255927 10977       4       org.gradle.internal.service.DefaultServiceRegistry$OwnServices$ProviderAnalyser::analyseType (78 bytes)


---------------  P R O C E S S  ---------------

Java Threads: ( => current thread )
  0x00000000180bb000 JavaThread "Build operations Thread 4" [_thread_blocked, id=14568, stack(0x0000000027210000,0x0000000027310000)]
  0x00000000180b6000 JavaThread "Build operations Thread 3" [_thread_blocked, id=13108, stack(0x0000000027110000,0x0000000027210000)]
  0x00000000180b7800 JavaThread "Build operations Thread 2" [_thread_blocked, id=10684, stack(0x0000000027010000,0x0000000027110000)]
  0x00000000180bc000 JavaThread "Build operations" [_thread_blocked, id=3984, stack(0x0000000026f10000,0x0000000027010000)]
  0x00000000180b8000 JavaThread "Cache worker for cache directory md-rule (C:\Users\HP\.gradle\caches\5.4.1\md-rule)" [_thread_blocked, id=6404, stack(0x0000000026e10000,0x0000000026f10000)]
  0x00000000180ba800 JavaThread "Cache worker for cache directory md-supplier (C:\Users\HP\.gradle\caches\5.4.1\md-supplier)" [_thread_blocked, id=12180, stack(0x0000000026d10000,0x0000000026e10000)]
  0x00000000180b9800 JavaThread "Cache worker for file hash cache (C:\Users\HP\AndroidStudioProjects\CabSafety\.gradle\5.4.1\fileHashes)" [_thread_blocked, id=12072, stack(0x0000000026c10000,0x0000000026d10000)]
  0x00000000180ac800 JavaThread "Thread-60" [_thread_blocked, id=12040, stack(0x0000000026b10000,0x0000000026c10000)]
  0x00000000180b3800 JavaThread "Stdin handler" [_thread_blocked, id=11940, stack(0x0000000026a10000,0x0000000026b10000)]
  0x00000000180b2000 JavaThread "Asynchronous log dispatcher for DefaultDaemonConnection: socket connection from /127.0.0.1:58155 to /127.0.0.1:58306" [_thread_blocked, id=13112, stack(0x0000000026910000,0x0000000026a10000)]
  0x00000000180b1800 JavaThread "Daemon worker Thread 3" [_thread_in_Java, id=20604, stack(0x0000000026810000,0x0000000026910000)]
  0x00000000180b0800 JavaThread "Cancel handler" [_thread_blocked, id=20436, stack(0x0000000026710000,0x0000000026810000)]
  0x00000000180b3000 JavaThread "Handler for socket connection from /127.0.0.1:58155 to /127.0.0.1:58306" [_thread_in_native, id=5768, stack(0x0000000026610000,0x0000000026710000)]
  0x00000000180af800 JavaThread "Daemon Thread 3" [_thread_blocked, id=11180, stack(0x0000000026510000,0x0000000026610000)]
  0x00000000180b4800 JavaThread "Cache worker for Java compile cache (C:\Users\HP\.gradle\caches\5.4.1\javaCompile)" [_thread_blocked, id=22004, stack(0x0000000025700000,0x0000000025800000)]
  0x000000001ba20000 JavaThread "Cache worker for file content cache (C:\Users\HP\.gradle\caches\5.4.1\fileContent)" [_thread_blocked, id=23064, stack(0x0000000023c30000,0x0000000023d30000)]
  0x000000001d883000 JavaThread "Memory manager" [_thread_blocked, id=9808, stack(0x0000000021fc0000,0x00000000220c0000)]
  0x000000001ba26000 JavaThread "Cache worker for execution history cache (C:\Users\HP\.gradle\caches\5.4.1\executionHistory)" [_thread_blocked, id=22524, stack(0x00000000204b0000,0x00000000205b0000)]
  0x00000000195aa800 JavaThread "Cache worker for journal cache (C:\Users\HP\.gradle\caches\journal-1)" [_thread_blocked, id=22556, stack(0x000000001afb0000,0x000000001b0b0000)]
  0x00000000195a9800 JavaThread "File lock request listener" [_thread_in_native, id=21820, stack(0x000000001aeb0000,0x000000001afb0000)]
  0x00000000195a9000 JavaThread "Cache worker for file hash cache (C:\Users\HP\.gradle\caches\5.4.1\fileHashes)" [_thread_blocked, id=17788, stack(0x000000001adb0000,0x000000001aeb0000)]
  0x0000000018548000 JavaThread "Daemon periodic checks" [_thread_blocked, id=18544, stack(0x000000001a3b0000,0x000000001a4b0000)]
  0x0000000018482800 JavaThread "Incoming local TCP Connector on port 58155" [_thread_in_native, id=21688, stack(0x000000001a180000,0x000000001a280000)]
  0x000000001909f000 JavaThread "Daemon health stats" [_thread_blocked, id=21624, stack(0x0000000019b40000,0x0000000019c40000)]
  0x0000000016488800 JavaThread "Service Thread" daemon [_thread_blocked, id=21188, stack(0x0000000018170000,0x0000000018270000)]
  0x0000000016431000 JavaThread "C1 CompilerThread2" daemon [_thread_blocked, id=18308, stack(0x0000000017c70000,0x0000000017d70000)]
  0x000000001642e000 JavaThread "C2 CompilerThread1" daemon [_thread_in_native, id=19660, stack(0x0000000017b70000,0x0000000017c70000)]
=>0x0000000016428000 JavaThread "C2 CompilerThread0" daemon [_thread_in_native, id=19684, stack(0x0000000017a70000,0x0000000017b70000)]
  0x0000000016435800 JavaThread "Attach Listener" daemon [_thread_blocked, id=20956, stack(0x0000000017970000,0x0000000017a70000)]
  0x0000000016434000 JavaThread "Signal Dispatcher" daemon [_thread_blocked, id=20520, stack(0x0000000017870000,0x0000000017970000)]
  0x0000000002abb000 JavaThread "Finalizer" daemon [_thread_blocked, id=19700, stack(0x0000000017680000,0x0000000017780000)]
  0x0000000016419000 JavaThread "Reference Handler" daemon [_thread_blocked, id=19696, stack(0x0000000017580000,0x0000000017680000)]
  0x00000000028bd800 JavaThread "main" [_thread_blocked, id=10008, stack(0x00000000028c0000,0x00000000029c0000)]

Other Threads:
  0x00000000163f6800 VMThread [stack: 0x0000000017480000,0x0000000017580000] [id=26664]
  0x000000001648a000 WatcherThread [stack: 0x0000000018270000,0x0000000018370000] [id=19736]

VM state:not at safepoint (normal execution)

VM Mutex/Monitor currently owned by a thread: None

OutOfMemory and StackOverflow Exception counts:
OutOfMemoryError java_heap_errors=1

heap address: 0x00000000a0000000, size: 1536 MB, Compressed Oops mode: 32-bit
Narrow klass base: 0x0000000000000000, Narrow klass shift: 3
Compressed class space size: 1073741824 Address: 0x0000000100000000

Heap:
 PSYoungGen      total 250368K, used 193373K [0x00000000e0000000, 0x00000000f3d80000, 0x0000000100000000)
  eden space 227840K, 74% used [0x00000000e0000000,0x00000000ea6def30,0x00000000ede80000)
  from space 22528K, 99% used [0x00000000ede80000,0x00000000ef478558,0x00000000ef480000)
  to   space 27648K, 0% used [0x00000000f2280000,0x00000000f2280000,0x00000000f3d80000)
 ParOldGen       total 141312K, used 37107K [0x00000000a0000000, 0x00000000a8a00000, 0x00000000e0000000)
  object space 141312K, 26% used [0x00000000a0000000,0x00000000a243cdb0,0x00000000a8a00000)
 Metaspace       used 78685K, capacity 81530K, committed 81624K, reserved 1120256K
  class space    used 10411K, capacity 10983K, committed 11008K, reserved 1048576K

Card table byte_map: [0x0000000011e80000,0x0000000012190000] byte_map_base: 0x0000000011980000

Marking Bits: (ParMarkBitMap*) 0x00000000557b9f30
 Begin Bits: [0x0000000012790000, 0x0000000013f90000)
 End Bits:   [0x0000000013f90000, 0x0000000015790000)

Polling page: 0x0000000000b00000

CodeCache: size=245760Kb used=30297Kb max_used=30806Kb free=215463Kb
 bounds [0x0000000002ac0000, 0x0000000004980000, 0x0000000011ac0000]
 total_blobs=10242 nmethods=9398 adapters=756
 compilation: enabled

Compilation events (10 events):
Event: 255.906 Thread 0x0000000016431000 11099       3       org.gradle.api.internal.DefaultDomainObjectSet::assertMutableCollectionContents (9 bytes)
Event: 255.906 Thread 0x0000000016431000 nmethod 11099 0x00000000038ba690 code [0x00000000038ba800, 0x00000000038baa28]
Event: 255.906 Thread 0x0000000016431000 11100       3       org.gradle.api.internal.collections.IterationOrderRetainingSetElementSource::add (43 bytes)
Event: 255.906 Thread 0x0000000016431000 nmethod 11100 0x00000000033e11d0 code [0x00000000033e1380, 0x00000000033e1918]
Event: 255.906 Thread 0x0000000016431000 11102       3       javax.management.ObjectName::isPattern (27 bytes)
Event: 255.906 Thread 0x0000000016431000 nmethod 11102 0x0000000004465d50 code [0x0000000004465ea0, 0x00000000044660d0]
Event: 255.907 Thread 0x0000000016431000 11103       3       com.google.common.cache.LocalCache::expiresAfterWrite (15 bytes)
Event: 255.907 Thread 0x0000000016431000 nmethod 11103 0x0000000004616010 code [0x0000000004616160, 0x0000000004616310]
Event: 255.907 Thread 0x0000000016431000 11104       3       com.google.gson.reflect.TypeToken::get (9 bytes)
Event: 255.907 Thread 0x0000000016431000 nmethod 11104 0x0000000004618850 code [0x00000000046189c0, 0x0000000004618b88]

GC Heap History (10 events):
Event: 20.299 GC heap before
{Heap before GC invocations=12 (full 2):
 PSYoungGen      total 148992K, used 148972K [0x00000000e0000000, 0x00000000ec900000, 0x0000000100000000)
  eden space 136192K, 100% used [0x00000000e0000000,0x00000000e8500000,0x00000000e8500000)
  from space 12800K, 99% used [0x00000000e8500000,0x00000000e917b380,0x00000000e9180000)
  to   space 15872K, 0% used [0x00000000eb980000,0x00000000eb980000,0x00000000ec900000)
 ParOldGen       total 99840K, used 19568K [0x00000000a0000000, 0x00000000a6180000, 0x00000000e0000000)
  object space 99840K, 19% used [0x00000000a0000000,0x00000000a131c150,0x00000000a6180000)
 Metaspace       used 56346K, capacity 57946K, committed 58200K, reserved 1099776K
  class space    used 7657K, capacity 8049K, committed 8064K, reserved 1048576K
Event: 20.329 GC heap after
Heap after GC invocations=12 (full 2):
 PSYoungGen      total 184832K, used 15852K [0x00000000e0000000, 0x00000000ed200000, 0x0000000100000000)
  eden space 168960K, 0% used [0x00000000e0000000,0x00000000e0000000,0x00000000ea500000)
  from space 15872K, 99% used [0x00000000eb980000,0x00000000ec8fb340,0x00000000ec900000)
  to   space 20992K, 0% used [0x00000000ea500000,0x00000000ea500000,0x00000000eb980000)
 ParOldGen       total 99840K, used 27691K [0x00000000a0000000, 0x00000000a6180000, 0x00000000e0000000)
  object space 99840K, 27% used [0x00000000a0000000,0x00000000a1b0ad18,0x00000000a6180000)
 Metaspace       used 56346K, capacity 57946K, committed 58200K, reserved 1099776K
  class space    used 7657K, capacity 8049K, committed 8064K, reserved 1048576K
}
Event: 20.594 GC heap before
{Heap before GC invocations=13 (full 2):
 PSYoungGen      total 184832K, used 34718K [0x00000000e0000000, 0x00000000ed200000, 0x0000000100000000)
  eden space 168960K, 11% used [0x00000000e0000000,0x00000000e126c660,0x00000000ea500000)
  from space 15872K, 99% used [0x00000000eb980000,0x00000000ec8fb340,0x00000000ec900000)
  to   space 20992K, 0% used [0x00000000ea500000,0x00000000ea500000,0x00000000eb980000)
 ParOldGen       total 99840K, used 27691K [0x00000000a0000000, 0x00000000a6180000, 0x00000000e0000000)
  object space 99840K, 27% used [0x00000000a0000000,0x00000000a1b0ad18,0x00000000a6180000)
 Metaspace       used 57309K, capacity 58882K, committed 59028K, reserved 1099776K
  class space    used 7807K, capacity 8171K, committed 8192K, reserved 1048576K
Event: 20.620 GC heap after
Heap after GC invocations=13 (full 2):
 PSYoungGen      total 189952K, used 17048K [0x00000000e0000000, 0x00000000f1200000, 0x0000000100000000)
  eden space 168960K, 0% used [0x00000000e0000000,0x00000000e0000000,0x00000000ea500000)
  from space 20992K, 81% used [0x00000000ea500000,0x00000000eb5a6340,0x00000000eb980000)
  to   space 22528K, 0% used [0x00000000efc00000,0x00000000efc00000,0x00000000f1200000)
 ParOldGen       total 99840K, used 27699K [0x00000000a0000000, 0x00000000a6180000, 0x00000000e0000000)
  object space 99840K, 27% used [0x00000000a0000000,0x00000000a1b0cd18,0x00000000a6180000)
 Metaspace       used 57309K, capacity 58882K, committed 59028K, reserved 1099776K
  class space    used 7807K, capacity 8171K, committed 8192K, reserved 1048576K
}
Event: 20.620 GC heap before
{Heap before GC invocations=14 (full 3):
 PSYoungGen      total 189952K, used 17048K [0x00000000e0000000, 0x00000000f1200000, 0x0000000100000000)
  eden space 168960K, 0% used [0x00000000e0000000,0x00000000e0000000,0x00000000ea500000)
  from space 20992K, 81% used [0x00000000ea500000,0x00000000eb5a6340,0x00000000eb980000)
  to   space 22528K, 0% used [0x00000000efc00000,0x00000000efc00000,0x00000000f1200000)
 ParOldGen       total 99840K, used 27699K [0x00000000a0000000, 0x00000000a6180000, 0x00000000e0000000)
  object space 99840K, 27% used [0x00000000a0000000,0x00000000a1b0cd18,0x00000000a6180000)
 Metaspace       used 57309K, capacity 58882K, committed 59028K, reserved 1099776K
  class space    used 7807K, capacity 8171K, committed 8192K, reserved 1048576K
Event: 20.872 GC heap after
Heap after GC invocations=14 (full 3):
 PSYoungGen      total 189952K, used 0K [0x00000000e0000000, 0x00000000f1200000, 0x0000000100000000)
  eden space 168960K, 0% used [0x00000000e0000000,0x00000000e0000000,0x00000000ea500000)
  from space 20992K, 0% used [0x00000000ea500000,0x00000000ea500000,0x00000000eb980000)
  to   space 22528K, 0% used [0x00000000efc00000,0x00000000efc00000,0x00000000f1200000)
 ParOldGen       total 141312K, used 31904K [0x00000000a0000000, 0x00000000a8a00000, 0x00000000e0000000)
  object space 141312K, 22% used [0x00000000a0000000,0x00000000a1f28100,0x00000000a8a00000)
 Metaspace       used 57287K, capacity 58824K, committed 59028K, reserved 1099776K
  class space    used 7801K, capacity 8160K, committed 8192K, reserved 1048576K
}
Event: 172.044 GC heap before
{Heap before GC invocations=15 (full 3):
 PSYoungGen      total 189952K, used 168960K [0x00000000e0000000, 0x00000000f1200000, 0x0000000100000000)
  eden space 168960K, 100% used [0x00000000e0000000,0x00000000ea500000,0x00000000ea500000)
  from space 20992K, 0% used [0x00000000ea500000,0x00000000ea500000,0x00000000eb980000)
  to   space 22528K, 0% used [0x00000000efc00000,0x00000000efc00000,0x00000000f1200000)
 ParOldGen       total 141312K, used 31904K [0x00000000a0000000, 0x00000000a8a00000, 0x00000000e0000000)
  object space 141312K, 22% used [0x00000000a0000000,0x00000000a1f28100,0x00000000a8a00000)
 Metaspace       used 63804K, capacity 65688K, committed 66008K, reserved 1105920K
  class space    used 8412K, capacity 8838K, committed 8960K, reserved 1048576K
Event: 172.066 GC heap after
Heap after GC invocations=15 (full 3):
 PSYoungGen      total 230912K, used 14722K [0x00000000e0000000, 0x00000000f0a80000, 0x0000000100000000)
  eden space 216064K, 0% used [0x00000000e0000000,0x00000000e0000000,0x00000000ed300000)
  from space 14848K, 99% used [0x00000000efc00000,0x00000000f0a60b50,0x00000000f0a80000)
  to   space 22528K, 0% used [0x00000000ede80000,0x00000000ede80000,0x00000000ef480000)
 ParOldGen       total 141312K, used 31912K [0x00000000a0000000, 0x00000000a8a00000, 0x00000000e0000000)
  object space 141312K, 22% used [0x00000000a0000000,0x00000000a1f2a100,0x00000000a8a00000)
 Metaspace       used 63804K, capacity 65688K, committed 66008K, reserved 1105920K
  class space    used 8412K, capacity 8838K, committed 8960K, reserved 1048576K
}
Event: 177.227 GC heap before
{Heap before GC invocations=16 (full 3):
 PSYoungGen      total 230912K, used 230786K [0x00000000e0000000, 0x00000000f0a80000, 0x0000000100000000)
  eden space 216064K, 100% used [0x00000000e0000000,0x00000000ed300000,0x00000000ed300000)
  from space 14848K, 99% used [0x00000000efc00000,0x00000000f0a60b50,0x00000000f0a80000)
  to   space 22528K, 0% used [0x00000000ede80000,0x00000000ede80000,0x00000000ef480000)
 ParOldGen       total 141312K, used 31912K [0x00000000a0000000, 0x00000000a8a00000, 0x00000000e0000000)
  object space 141312K, 22% used [0x00000000a0000000,0x00000000a1f2a100,0x00000000a8a00000)
 Metaspace       used 71006K, capacity 73138K, committed 73304K, reserved 1112064K
  class space    used 9289K, capacity 9765K, committed 9856K, reserved 1048576K
Event: 177.254 GC heap after
Heap after GC invocations=16 (full 3):
 PSYoungGen      total 250368K, used 22497K [0x00000000e0000000, 0x00000000f3d80000, 0x0000000100000000)
  eden space 227840K, 0% used [0x00000000e0000000,0x00000000e0000000,0x00000000ede80000)
  from space 22528K, 99% used [0x00000000ede80000,0x00000000ef478558,0x00000000ef480000)
  to   space 27648K, 0% used [0x00000000f2280000,0x00000000f2280000,0x00000000f3d80000)
 ParOldGen       total 141312K, used 37107K [0x00000000a0000000, 0x00000000a8a00000, 0x00000000e0000000)
  object space 141312K, 26% used [0x00000000a0000000,0x00000000a243cdb0,0x00000000a8a00000)
 Metaspace       used 71006K, capacity 73138K, committed 73304K, reserved 1112064K
  class space    used 9289K, capacity 9765K, committed 9856K, reserved 1048576K
}

Deoptimization events (10 events):
Event: 180.028 Thread 0x000000001d88a800 Uncommon trap: reason=bimorphic action=maybe_recompile pc=0x0000000004407c7c method=java.io.ObjectOutputStream$BlockDataOutputStream.drain()V @ 36
Event: 180.028 Thread 0x000000001d88a800 Uncommon trap: reason=class_check action=maybe_recompile pc=0x0000000002c49328 method=java.lang.String.equals(Ljava/lang/Object;)Z @ 8
Event: 180.028 Thread 0x000000001d88a800 Uncommon trap: reason=class_check action=maybe_recompile pc=0x0000000002c49328 method=java.lang.String.equals(Ljava/lang/Object;)Z @ 8
Event: 180.028 Thread 0x000000001d88a800 Uncommon trap: reason=class_check action=maybe_recompile pc=0x0000000002c49328 method=java.lang.String.equals(Ljava/lang/Object;)Z @ 8
Event: 180.030 Thread 0x000000001d88a800 Uncommon trap: reason=bimorphic action=maybe_recompile pc=0x0000000004407c7c method=java.io.ObjectOutputStream$BlockDataOutputStream.drain()V @ 36
Event: 180.030 Thread 0x000000001d88a800 Uncommon trap: reason=class_check action=maybe_recompile pc=0x0000000002c49328 method=java.lang.String.equals(Ljava/lang/Object;)Z @ 8
Event: 180.030 Thread 0x000000001d88a800 Uncommon trap: reason=bimorphic action=maybe_recompile pc=0x0000000004407c7c method=java.io.ObjectOutputStream$BlockDataOutputStream.drain()V @ 36
Event: 180.048 Thread 0x000000001d88a800 Uncommon trap: reason=unstable_if action=reinterpret pc=0x00000000034a65e0 method=org.gradle.internal.io.StreamByteBuffer.allocateSpace()I @ 9
Event: 180.052 Thread 0x000000001d88a800 Uncommon trap: reason=unstable_if action=reinterpret pc=0x000000000379f9ac method=org.gradle.internal.io.StreamByteBuffer.prepareRead()I @ 30
Event: 180.064 Thread 0x000000001d88a800 Uncommon trap: reason=array_check action=maybe_recompile pc=0x00000000045f5ef0 method=java.util.ComparableTimSort.binarySort([Ljava/lang/Object;III)V @ 183

Classes redefined (0 events):
No events

Internal exceptions (10 events):
Event: 179.929 Thread 0x000000001d88a000 Exception <a 'java/lang/NoSuchMethodError': <clinit>> (0x00000000e4c28098) thrown at [D:\src\AOSP-openjdk-cygwin\jdk8u\hotspot\src\share\vm\prims\jni.cpp, line 1614]
Event: 179.929 Thread 0x000000001d88a000 Exception <a 'java/lang/NoSuchMethodError': <clinit>> (0x00000000e90025c0) thrown at [D:\src\AOSP-openjdk-cygwin\jdk8u\hotspot\src\share\vm\prims\jni.cpp, line 1614]
Event: 179.940 Thread 0x000000001d88a000 Exception <a 'java/lang/NoSuchMethodError': <clinit>> (0x00000000e9010198) thrown at [D:\src\AOSP-openjdk-cygwin\jdk8u\hotspot\src\share\vm\prims\jni.cpp, line 1614]
Event: 179.975 Thread 0x000000001d88a800 Exception <a 'sun/nio/fs/WindowsException'> (0x00000000e9157980) thrown at [D:\src\AOSP-openjdk-cygwin\jdk8u\hotspot\src\share\vm\prims\jni.cpp, line 710]
Event: 180.127 Thread 0x000000001d888800 Exception <a 'java/lang/NoSuchMethodError': <clinit>> (0x00000000e9960378) thrown at [D:\src\AOSP-openjdk-cygwin\jdk8u\hotspot\src\share\vm\prims\jni.cpp, line 1614]
Event: 180.128 Thread 0x000000001d888800 Exception <a 'java/lang/NoSuchMethodError': <clinit>> (0x00000000e996fe10) thrown at [D:\src\AOSP-openjdk-cygwin\jdk8u\hotspot\src\share\vm\prims\jni.cpp, line 1614]
Event: 180.128 Thread 0x000000001d888800 Exception <a 'java/lang/NoSuchMethodError': <clinit>> (0x00000000e99722c0) thrown at [D:\src\AOSP-openjdk-cygwin\jdk8u\hotspot\src\share\vm\prims\jni.cpp, line 1614]
Event: 180.129 Thread 0x000000001d888800 Exception <a 'java/lang/NoSuchMethodError': <clinit>> (0x00000000e99825e0) thrown at [D:\src\AOSP-openjdk-cygwin\jdk8u\hotspot\src\share\vm\prims\jni.cpp, line 1614]
Event: 180.130 Thread 0x000000001d888800 Exception <a 'java/lang/NoSuchMethodError': <clinit>> (0x00000000e998db78) thrown at [D:\src\AOSP-openjdk-cygwin\jdk8u\hotspot\src\share\vm\prims\jni.cpp, line 1614]
Event: 180.132 Thread 0x000000001d888800 Exception <a 'java/lang/NoSuchMethodError': <clinit>> (0x00000000e99a04e8) thrown at [D:\src\AOSP-openjdk-cygwin\jdk8u\hotspot\src\share\vm\prims\jni.cpp, line 1614]

Events (10 events):
Event: 255.766 Executing VM operation: RevokeBias
Event: 255.766 Executing VM operation: RevokeBias done
Event: 255.766 Executing VM operation: RevokeBias
Event: 255.766 Executing VM operation: RevokeBias done
Event: 255.871 Thread 0x00000000180bc000 Thread added: 0x00000000180bc000
Event: 255.871 Thread 0x00000000180b7800 Thread added: 0x00000000180b7800
Event: 255.871 Thread 0x00000000180b6000 Thread added: 0x00000000180b6000
Event: 255.871 Thread 0x00000000180bb000 Thread added: 0x00000000180bb000
Event: 255.871 Executing VM operation: RevokeBias
Event: 255.871 Executing VM operation: RevokeBias done


Dynamic libraries:
0x00007ff7db7e0000 - 0x00007ff7db811000 	C:\Program Files\Android\Android Studio\jre\bin\java.exe
0x00007ff831b50000 - 0x00007ff831d21000 	C:\Windows\SYSTEM32\ntdll.dll
0x00007ff830ec0000 - 0x00007ff830f6b000 	C:\Windows\System32\KERNEL32.DLL
0x00007ff82e6e0000 - 0x00007ff82e8fd000 	C:\Windows\System32\KERNELBASE.dll
0x00007ff831200000 - 0x00007ff8312a2000 	C:\Windows\System32\ADVAPI32.dll
0x00007ff831030000 - 0x00007ff8310ce000 	C:\Windows\System32\msvcrt.dll
0x00007ff831630000 - 0x00007ff831689000 	C:\Windows\System32\sechost.dll
0x00007ff8310d0000 - 0x00007ff8311f1000 	C:\Windows\System32\RPCRT4.dll
0x00007ff830c50000 - 0x00007ff830db5000 	C:\Windows\System32\USER32.dll
0x00007ff82e0e0000 - 0x00007ff82e0fe000 	C:\Windows\System32\win32u.dll
0x00007ff831540000 - 0x00007ff831574000 	C:\Windows\System32\GDI32.dll
0x00007ff82e550000 - 0x00007ff82e6d2000 	C:\Windows\System32\gdi32full.dll
0x00007ff81e740000 - 0x00007ff81e9b9000 	C:\Windows\WinSxS\amd64_microsoft.windows.common-controls_6595b64144ccf1df_6.0.14393.0_none_2d0f50fcbdb171b8\COMCTL32.dll
0x00007ff8316a0000 - 0x00007ff831967000 	C:\Windows\System32\combase.dll
0x00007ff82e900000 - 0x00007ff82e9f5000 	C:\Windows\System32\ucrtbase.dll
0x00007ff82e4e0000 - 0x00007ff82e54a000 	C:\Windows\System32\bcryptPrimitives.dll
0x00007ff831ab0000 - 0x00007ff831ade000 	C:\Windows\System32\IMM32.DLL
0x00000000559c0000 - 0x0000000055a92000 	C:\Program Files\Android\Android Studio\jre\jre\bin\msvcr100.dll
0x0000000054ff0000 - 0x0000000055836000 	C:\Program Files\Android\Android Studio\jre\jre\bin\server\jvm.dll
0x00007ff831690000 - 0x00007ff831698000 	C:\Windows\System32\PSAPI.DLL
0x00007ff82c4b0000 - 0x00007ff82c4d3000 	C:\Windows\SYSTEM32\WINMM.dll
0x00007ff82ae90000 - 0x00007ff82ae99000 	C:\Windows\SYSTEM32\WSOCK32.dll
0x00007ff831ae0000 - 0x00007ff831b4a000 	C:\Windows\System32\WS2_32.dll
0x00007ff824d60000 - 0x00007ff824d6a000 	C:\Windows\SYSTEM32\VERSION.dll
0x00007ff82c340000 - 0x00007ff82c36b000 	C:\Windows\SYSTEM32\WINMMBASE.dll
0x00007ff82e160000 - 0x00007ff82e1a2000 	C:\Windows\System32\cfgmgr32.dll
0x00007ff82a0a0000 - 0x00007ff82a0af000 	C:\Program Files\Android\Android Studio\jre\jre\bin\verify.dll
0x00007ff825090000 - 0x00007ff8250b9000 	C:\Program Files\Android\Android Studio\jre\jre\bin\java.dll
0x00007ff820e20000 - 0x00007ff820e36000 	C:\Program Files\Android\Android Studio\jre\jre\bin\zip.dll
0x00007ff82f740000 - 0x00007ff830c48000 	C:\Windows\System32\SHELL32.dll
0x00007ff82ea00000 - 0x00007ff82f0da000 	C:\Windows\System32\windows.storage.dll
0x00007ff82e060000 - 0x00007ff82e0ac000 	C:\Windows\System32\powrprof.dll
0x00007ff8314e0000 - 0x00007ff831532000 	C:\Windows\System32\shlwapi.dll
0x00007ff82e050000 - 0x00007ff82e05f000 	C:\Windows\System32\kernel.appcore.dll
0x00007ff82e260000 - 0x00007ff82e309000 	C:\Windows\System32\shcore.dll
0x00007ff82e0b0000 - 0x00007ff82e0c4000 	C:\Windows\System32\profapi.dll
0x00007ff820e00000 - 0x00007ff820e1a000 	C:\Program Files\Android\Android Studio\jre\jre\bin\net.dll
0x00007ff82d920000 - 0x00007ff82d97c000 	C:\Windows\system32\mswsock.dll
0x00007ff820de0000 - 0x00007ff820df1000 	C:\Program Files\Android\Android Studio\jre\jre\bin\nio.dll
0x00007ff81c410000 - 0x00007ff81c436000 	C:\Users\HP\.gradle\native\29\windows-amd64\native-platform.dll
0x00007ff829c10000 - 0x00007ff829c1d000 	C:\Program Files\Android\Android Studio\jre\jre\bin\management.dll
0x00007ff82dad0000 - 0x00007ff82dae7000 	C:\Windows\SYSTEM32\CRYPTSP.dll
0x00007ff82d530000 - 0x00007ff82d563000 	C:\Windows\system32\rsaenh.dll
0x00007ff82df90000 - 0x00007ff82dfbb000 	C:\Windows\SYSTEM32\bcrypt.dll
0x00007ff82d7a0000 - 0x00007ff82d7bf000 	C:\Windows\SYSTEM32\USERENV.dll
0x00007ff82dac0000 - 0x00007ff82dacb000 	C:\Windows\SYSTEM32\CRYPTBASE.dll
0x00007ff82d6b0000 - 0x00007ff82d6e8000 	C:\Windows\SYSTEM32\IPHLPAPI.DLL
0x00007ff831620000 - 0x00007ff831628000 	C:\Windows\System32\NSI.dll
0x00007ff8266b0000 - 0x00007ff8266c6000 	C:\Windows\SYSTEM32\dhcpcsvc6.DLL
0x00007ff8269a0000 - 0x00007ff8269ba000 	C:\Windows\SYSTEM32\dhcpcsvc.DLL

VM Arguments:
jvm_args: -Xmx1536m -Dfile.encoding=windows-1252 -Duser.country=IN -Duser.language=en -Duser.variant 
java_command: org.gradle.launcher.daemon.bootstrap.GradleDaemon 5.4.1
java_class_path (initial): C:\Users\HP\.gradle\wrapper\dists\gradle-5.4.1-all\3221gyojl5jsh0helicew7rwx\gradle-5.4.1\lib\gradle-launcher-5.4.1.jar
Launcher Type: SUN_STANDARD

Environment Variables:
PATH=C:\Program Files (x86)\Common Files\Oracle\Java\javapath;C:\Program Files (x86)\Intel\iCLS Client\;C:\Program Files\Intel\iCLS Client\;C:\Windows\system32;C:\Windows;C:\Windows\System32\Wbem;C:\Windows\System32\WindowsPowerShell\v1.0\;C:\Program Files (x86)\Intel\Intel(R) Management Engine Components\DAL;C:\Program Files\Intel\Intel(R) Management Engine Components\DAL;C:\Program Files (x86)\Intel\Intel(R) Management Engine Components\IPT;C:\Program Files\Intel\Intel(R) Management Engine Components\IPT;C:\Users\HP\AppData\Local\Microsoft\WindowsApps;
USERNAME=HP
OS=Windows_NT
PROCESSOR_IDENTIFIER=Intel64 Family 6 Model 61 Stepping 4, GenuineIntel



---------------  S Y S T E M  ---------------

OS: Windows 10.0 , 64 bit Build 14393 (10.0.14393.0)

CPU:total 4 (initial active 4) (2 cores per cpu, 2 threads per core) family 6 model 61 stepping 4, cmov, cx8, fxsr, mmx, sse, sse2, sse3, ssse3, sse4.1, sse4.2, popcnt, avx, avx2, aes, clmul, erms, rtm, 3dnowpref, lzcnt, ht, tsc, tscinvbit, bmi1, bmi2, adx

Memory: 4k page, physical 8260712k(2727200k free), swap 12160104k(5140k free)

vm_info: OpenJDK 64-Bit Server VM (25.202-b03) for windows-amd64 JRE (1.8.0_202-release-1483-b03), built by "builder" with MS VC++ 10.0 (VS2010)

time: Fri Dec 13 15:18:36 2019
timezone: India Standard Time
elapsed time: 255 seconds (0d 0h 4m 15s)

